
> vibe-generated-app@1.0.0 dev
> vite


  VITE v5.4.20  ready in 212 ms

  ➜  Local:   http://localhost:3000/
  ➜  Network: http://172.20.20.109:3000/
8:22:15 PM [vite] Pre-transform error: Transform failed with 1 error:
/home/workspace/src/components/SolarScene.jsx:108:47: ERROR: Expected "{" but found "\\"
8:22:15 PM [vite] Internal server error: Transform failed with 1 error:
/home/workspace/src/components/SolarScene.jsx:108:47: ERROR: Expected "{" but found "\\"
  Plugin: vite:esbuild
  File: /home/workspace/src/components/SolarScene.jsx:108:47
  
  Expected "{" but found "\\"
  106|          <motion.div className="absolute inset-x-0 top-[15%] mx-auto w-[900px] max-w-[92vw] h-[360px]" style={{ opacity: splineOpacity }}>
  107|            <div className="rounded-2xl overflow-hidden border border-white/10 bg-black/20 backdrop-blur-sm w-full h-full">
  108|              <Suspense fallback={<div className=\"w-full h-full grid place-items-center text-white/70\">Lädt 3D…</div>}>
     |                                                 ^
  109|                <Spline
  110|                  scene="https://prod.spline.design/YG0cF5pSg0Qm0F0o/scene.splinecode"
  
      at failureErrorWithLog (/home/workspace/node_modules/esbuild/lib/main.js:1472:15)
      at /home/workspace/node_modules/esbuild/lib/main.js:755:50
      at responseCallbacks.<computed> (/home/workspace/node_modules/esbuild/lib/main.js:622:9)
      at handleIncomingPacket (/home/workspace/node_modules/esbuild/lib/main.js:677:12)
      at Socket.readFromStdout (/home/workspace/node_modules/esbuild/lib/main.js:600:7)
      at Socket.emit (node:events:508:28)
      at addChunk (node:internal/streams/readable:559:12)
      at readableAddChunkPushByteMode (node:internal/streams/readable:510:3)
      at Readable.push (node:internal/streams/readable:390:5)
      at Pipe.onStreamRead (node:internal/stream_base_commons:189:23)
8:22:17 PM [vite] Internal server error: Transform failed with 1 error:
/home/workspace/src/components/SolarScene.jsx:108:47: ERROR: Expected "{" but found "\\"
  Plugin: vite:esbuild
  File: /home/workspace/src/components/SolarScene.jsx:108:47
  
  Expected "{" but found "\\"
  106|          <motion.div className="absolute inset-x-0 top-[15%] mx-auto w-[900px] max-w-[92vw] h-[360px]" style={{ opacity: splineOpacity }}>
  107|            <div className="rounded-2xl overflow-hidden border border-white/10 bg-black/20 backdrop-blur-sm w-full h-full">
  108|              <Suspense fallback={<div className=\"w-full h-full grid place-items-center text-white/70\">Lädt 3D…</div>}>
     |                                                 ^
  109|                <Spline
  110|                  scene="https://prod.spline.design/YG0cF5pSg0Qm0F0o/scene.splinecode"
  
      at failureErrorWithLog (/home/workspace/node_modules/esbuild/lib/main.js:1472:15)
      at /home/workspace/node_modules/esbuild/lib/main.js:755:50
      at responseCallbacks.<computed> (/home/workspace/node_modules/esbuild/lib/main.js:622:9)
      at handleIncomingPacket (/home/workspace/node_modules/esbuild/lib/main.js:677:12)
      at Socket.readFromStdout (/home/workspace/node_modules/esbuild/lib/main.js:600:7)
      at Socket.emit (node:events:508:28)
      at addChunk (node:internal/streams/readable:559:12)
      at readableAddChunkPushByteMode (node:internal/streams/readable:510:3)
      at Readable.push (node:internal/streams/readable:390:5)
      at Pipe.onStreamRead (node:internal/stream_base_commons:189:23)
8:22:35 PM [vite] Internal server error: Transform failed with 1 error:
/home/workspace/src/components/SolarScene.jsx:108:47: ERROR: Expected "{" but found "\\"
  Plugin: vite:esbuild
  File: /home/workspace/src/components/SolarScene.jsx:108:47
  
  Expected "{" but found "\\"
  106|          <motion.div className="absolute inset-x-0 top-[15%] mx-auto w-[900px] max-w-[92vw] h-[360px]" style={{ opacity: splineOpacity }}>
  107|            <div className="rounded-2xl overflow-hidden border border-white/10 bg-black/20 backdrop-blur-sm w-full h-full">
  108|              <Suspense fallback={<div className=\"w-full h-full grid place-items-center text-white/70\">Lädt 3D…</div>}>
     |                                                 ^
  109|                <Spline
  110|                  scene="https://prod.spline.design/YG0cF5pSg0Qm0F0o/scene.splinecode"
  
      at failureErrorWithLog (/home/workspace/node_modules/esbuild/lib/main.js:1472:15)
      at /home/workspace/node_modules/esbuild/lib/main.js:755:50
      at responseCallbacks.<computed> (/home/workspace/node_modules/esbuild/lib/main.js:622:9)
      at handleIncomingPacket (/home/workspace/node_modules/esbuild/lib/main.js:677:12)
      at Socket.readFromStdout (/home/workspace/node_modules/esbuild/lib/main.js:600:7)
      at Socket.emit (node:events:508:28)
      at addChunk (node:internal/streams/readable:559:12)
      at readableAddChunkPushByteMode (node:internal/streams/readable:510:3)
      at Readable.push (node:internal/streams/readable:390:5)
      at Pipe.onStreamRead (node:internal/stream_base_commons:189:23)
8:22:45 PM [vite] Internal server error: Transform failed with 1 error:
/home/workspace/src/components/SolarScene.jsx:108:47: ERROR: Expected "{" but found "\\"
  Plugin: vite:esbuild
  File: /home/workspace/src/components/SolarScene.jsx:108:47
  
  Expected "{" but found "\\"
  106|          <motion.div className="absolute inset-x-0 top-[15%] mx-auto w-[900px] max-w-[92vw] h-[360px]" style={{ opacity: splineOpacity }}>
  107|            <div className="rounded-2xl overflow-hidden border border-white/10 bg-black/20 backdrop-blur-sm w-full h-full">
  108|              <Suspense fallback={<div className=\"w-full h-full grid place-items-center text-white/70\">Lädt 3D…</div>}>
     |                                                 ^
  109|                <Spline
  110|                  scene="https://prod.spline.design/YG0cF5pSg0Qm0F0o/scene.splinecode"
  
      at failureErrorWithLog (/home/workspace/node_modules/esbuild/lib/main.js:1472:15)
      at /home/workspace/node_modules/esbuild/lib/main.js:755:50
      at responseCallbacks.<computed> (/home/workspace/node_modules/esbuild/lib/main.js:622:9)
      at handleIncomingPacket (/home/workspace/node_modules/esbuild/lib/main.js:677:12)
      at Socket.readFromStdout (/home/workspace/node_modules/esbuild/lib/main.js:600:7)
      at Socket.emit (node:events:508:28)
      at addChunk (node:internal/streams/readable:559:12)
      at readableAddChunkPushByteMode (node:internal/streams/readable:510:3)
      at Readable.push (node:internal/streams/readable:390:5)
      at Pipe.onStreamRead (node:internal/stream_base_commons:189:23)
8:22:53 PM [vite] Internal server error: Transform failed with 1 error:
/home/workspace/src/components/SolarScene.jsx:108:47: ERROR: Expected "{" but found "\\"
  Plugin: vite:esbuild
  File: /home/workspace/src/components/SolarScene.jsx:108:47
  
  Expected "{" but found "\\"
  106|          <motion.div className="absolute inset-x-0 top-[15%] mx-auto w-[900px] max-w-[92vw] h-[360px]" style={{ opacity: splineOpacity }}>
  107|            <div className="rounded-2xl overflow-hidden border border-white/10 bg-black/20 backdrop-blur-sm w-full h-full">
  108|              <Suspense fallback={<div className=\"w-full h-full grid place-items-center text-white/70\">Lädt 3D…</div>}>
     |                                                 ^
  109|                <Spline
  110|                  scene="https://prod.spline.design/YG0cF5pSg0Qm0F0o/scene.splinecode"
  
      at failureErrorWithLog (/home/workspace/node_modules/esbuild/lib/main.js:1472:15)
      at /home/workspace/node_modules/esbuild/lib/main.js:755:50
      at responseCallbacks.<computed> (/home/workspace/node_modules/esbuild/lib/main.js:622:9)
      at handleIncomingPacket (/home/workspace/node_modules/esbuild/lib/main.js:677:12)
      at Socket.readFromStdout (/home/workspace/node_modules/esbuild/lib/main.js:600:7)
      at Socket.emit (node:events:508:28)
      at addChunk (node:internal/streams/readable:559:12)
      at readableAddChunkPushByteMode (node:internal/streams/readable:510:3)
      at Readable.push (node:internal/streams/readable:390:5)
      at Pipe.onStreamRead (node:internal/stream_base_commons:189:23)
